00:00:00.449267 VirtualBox GUI VM Selector Window 6.1.34 r150636 win.amd64 (Mar 23 2022 00:36:21) release log
00:00:00.449268 Log opened 2022-06-28T07:51:31.489909000Z
00:00:00.449269 Build Type: release
00:00:00.449271 OS Product: Windows 10
00:00:00.449272 OS Release: 10.0.19044
00:00:00.449272 OS Service Pack: 
00:00:00.459166 DMI Product Name: Amd Am4 Workstation
00:00:00.461848 DMI Product Version: System Version
00:00:00.461871 Firmware type: UEFI
00:00:00.462129 Secure Boot: Enabled
00:00:00.462136 Host RAM: 32682MB (31.9GB) total, 22213MB (21.6GB) available
00:00:00.462139 Executable: C:\Program Files\Oracle\VirtualBox\VirtualBox.exe
00:00:00.462140 Process ID: 1484
00:00:00.462140 Package type: WINDOWS_64BITS_GENERIC
00:00:00.462282 Qt version: 5.6.2
00:00:00.469818 GUI: UIMediumEnumerator: Medium-enumeration started...
00:00:00.469851 GUI: UIMediumEnumerator: Medium-enumeration finished!
00:00:00.858793 refreshCertificates/#3: Found 1/86 SSL certs we/you trust (previously 0/0).
00:06:24.529794 GUI: UIMediumEnumerator: Medium with key={{fcfe3073-5a60-4a3b-a52a-143db5d4ec40}} created
00:06:24.578385 GUI: UIMediumEnumerator: Medium-enumeration finished!
00:11:57.299257 GUI: UIMediumEnumerator: Medium-enumeration finished!
00:12:15.766966 GUI: UIMediumEnumerator: Medium-enumeration finished!
00:12:15.774181 GUI: UIMediumEnumerator: Medium-enumeration finished!
00:12:17.963331 ERROR [COM]: aRC=E_UNEXPECTED (0x8000ffff) aIID={c0447716-ff5a-4795-b57a-ecd5fffa18a4} aComponent={SessionWrap} aText={The session is not locked (session state: Unlocked)}, preserve=false aResultDetail=0
00:50:27.904931 GUI: UIMediumEnumerator: Medium with key={{81c9072b-add8-419b-879c-722301a190a1}} created
00:50:27.953780 GUI: UIMediumEnumerator: Medium-enumeration finished!
00:51:56.256339 GUI: UIMediumEnumerator: Medium with key={{485efca0-cc91-40ba-b6c2-6ba08cdbb562}} created
00:51:56.271165 GUI: UIMediumEnumerator: Medium-enumeration finished!
00:53:07.319918 GUI: UIMediumEnumerator: Medium-enumeration finished!
00:53:07.346784 GUI: UIMediumEnumerator: Medium-enumeration finished!
00:53:07.350724 GUI: UIMediumEnumerator: Medium-enumeration finished!
00:53:33.643759 GUI: UIMediumEnumerator: Medium-enumeration finished!
00:54:00.555442 ERROR [COM]: aRC=E_UNEXPECTED (0x8000ffff) aIID={c0447716-ff5a-4795-b57a-ecd5fffa18a4} aComponent={SessionWrap} aText={The session is not locked (session state: Unlocked)}, preserve=false aResultDetail=0
